<?xml version="1.0" encoding="UTF-8"?>
<testsuite name="ec.edu.espe.banquito.accounts.service.AccountServiceTest" tests="1" skipped="0" failures="0" errors="0" timestamp="2023-08-28T06:39:58" hostname="ROBERTO" time="0.098">
  <properties/>
  <testcase name="findByUK -- Success Scenario" classname="ec.edu.espe.banquito.accounts.service.AccountServiceTest" time="0.098"/>
  <system-out><![CDATA[01:39:46.642 [Test worker] DEBUG org.springframework.boot.test.context.SpringBootTestContextBootstrapper -- Neither @ContextConfiguration nor @ContextHierarchy found for test class [AccountServiceTest]: using SpringBootContextLoader
01:39:46.663 [Test worker] DEBUG org.springframework.test.context.support.AbstractContextLoader -- Could not detect default resource locations for test class [ec.edu.espe.banquito.accounts.service.AccountServiceTest]: no resource found for suffixes {-context.xml, Context.groovy}.
01:39:46.665 [Test worker] INFO org.springframework.test.context.support.AnnotationConfigContextLoaderUtils -- Could not detect default configuration classes for test class [ec.edu.espe.banquito.accounts.service.AccountServiceTest]: AccountServiceTest does not declare any static, non-private, non-final, nested classes annotated with @Configuration.
01:39:46.737 [Test worker] DEBUG org.springframework.boot.test.context.SpringBootTestContextBootstrapper -- Using ContextCustomizers for test class [AccountServiceTest]: [DisableObservabilityContextCustomizer, PropertyMappingContextCustomizer, Customizer, ExcludeFilterContextCustomizer, DuplicateJsonObjectContextCustomizer, MockitoContextCustomizer, TestRestTemplateContextCustomizer]
01:39:46.977 [Test worker] DEBUG org.springframework.context.annotation.ClassPathScanningCandidateComponentProvider -- Identified candidate component class: file [C:\ARQUITECTURA\DEFINITIVE\banquito-accounts-try\build\classes\java\main\ec\edu\espe\banquito\accounts\AccountsApplication.class]
01:39:46.981 [Test worker] INFO org.springframework.boot.test.context.SpringBootTestContextBootstrapper -- Found @SpringBootConfiguration ec.edu.espe.banquito.accounts.AccountsApplication for test class ec.edu.espe.banquito.accounts.service.AccountServiceTest
01:39:47.215 [Test worker] DEBUG org.springframework.test.context.util.TestContextSpringFactoriesUtils -- Skipping candidate TestExecutionListener [org.springframework.test.context.observation.MicrometerObservationRegistryTestExecutionListener] due to a missing dependency. Specify custom TestExecutionListener classes or make the default TestExecutionListener classes and their required dependencies available. Offending class: io.micrometer.context.ThreadLocalAccessor. MicrometerObservationRegistryTestExecutionListener requires io.micrometer:micrometer-observation:1.10.8 or higher and io.micrometer:context-propagation:1.0.3 or higher.
01:39:47.238 [Test worker] DEBUG org.springframework.boot.test.context.SpringBootTestContextBootstrapper -- Using TestExecutionListeners for test class [AccountServiceTest]: [ServletTestExecutionListener, DirtiesContextBeforeModesTestExecutionListener, ApplicationEventsTestExecutionListener, MockitoTestExecutionListener, DependencyInjectionTestExecutionListener, DirtiesContextTestExecutionListener, TransactionalTestExecutionListener, SqlScriptsTestExecutionListener, EventPublishingTestExecutionListener, RestDocsTestExecutionListener, MockRestServiceServerResetTestExecutionListener, MockMvcPrintOnlyOnFailureTestExecutionListener, WebDriverTestExecutionListener, MockWebServiceServerTestExecutionListener, ResetMocksTestExecutionListener]
01:39:47.240 [Test worker] DEBUG org.springframework.test.context.support.DirtiesContextBeforeModesTestExecutionListener -- Before test class: class [AccountServiceTest], class annotated with @DirtiesContext [false] with mode [null]

  .   ____          _            __ _ _
 /\\ / ___'_ __ _ _(_)_ __  __ _ \ \ \ \
( ( )\___ | '_ | '_| | '_ \/ _` | \ \ \ \
 \\/  ___)| |_)| | | | | || (_| |  ) ) ) )
  '  |____| .__|_| |_|_| |_\__, | / / / /
 =========|_|==============|___/=/_/_/_/
 :: Spring Boot ::                (v3.0.9)

2023-08-28T01:39:47.992-05:00  INFO 41092 --- [    Test worker] e.e.e.b.a.service.AccountServiceTest     : Starting AccountServiceTest using Java 17.0.7 with PID 41092 (started by rober in C:\ARQUITECTURA\DEFINITIVE\banquito-accounts-try)
2023-08-28T01:39:47.997-05:00  INFO 41092 --- [    Test worker] e.e.e.b.a.service.AccountServiceTest     : No active profile set, falling back to 1 default profile: "default"
2023-08-28T01:39:49.338-05:00  INFO 41092 --- [    Test worker] .s.d.r.c.RepositoryConfigurationDelegate : Bootstrapping Spring Data JPA repositories in DEFAULT mode.
2023-08-28T01:39:49.497-05:00  INFO 41092 --- [    Test worker] .s.d.r.c.RepositoryConfigurationDelegate : Finished Spring Data repository scanning in 138 ms. Found 5 JPA repository interfaces.
2023-08-28T01:39:50.427-05:00  INFO 41092 --- [    Test worker] com.zaxxer.hikari.HikariDataSource       : HikariPool-1 - Starting...
2023-08-28T01:39:51.827-05:00  INFO 41092 --- [    Test worker] com.zaxxer.hikari.pool.HikariPool        : HikariPool-1 - Added connection org.postgresql.jdbc.PgConnection@23e61112
2023-08-28T01:39:51.830-05:00  INFO 41092 --- [    Test worker] com.zaxxer.hikari.HikariDataSource       : HikariPool-1 - Start completed.
2023-08-28T01:39:51.924-05:00  INFO 41092 --- [    Test worker] o.hibernate.jpa.internal.util.LogHelper  : HHH000204: Processing PersistenceUnitInfo [name: default]
2023-08-28T01:39:52.041-05:00  INFO 41092 --- [    Test worker] org.hibernate.Version                    : HHH000412: Hibernate ORM core version 6.1.7.Final
2023-08-28T01:39:52.914-05:00  INFO 41092 --- [    Test worker] SQL dialect                              : HHH000400: Using dialect: org.hibernate.dialect.PostgreSQL95Dialect
2023-08-28T01:39:52.917-05:00  WARN 41092 --- [    Test worker] org.hibernate.orm.deprecation            : HHH90000026: PostgreSQL95Dialect has been deprecated; use org.hibernate.dialect.PostgreSQLDialect instead
2023-08-28T01:39:55.144-05:00  INFO 41092 --- [    Test worker] o.h.e.t.j.p.i.JtaPlatformInitiator       : HHH000490: Using JtaPlatform implementation: [org.hibernate.engine.transaction.jta.platform.internal.NoJtaPlatform]
2023-08-28T01:39:55.160-05:00  INFO 41092 --- [    Test worker] j.LocalContainerEntityManagerFactoryBean : Initialized JPA EntityManagerFactory for persistence unit 'default'
2023-08-28T01:39:56.816-05:00  WARN 41092 --- [    Test worker] JpaBaseConfiguration$JpaWebConfiguration : spring.jpa.open-in-view is enabled by default. Therefore, database queries may be performed during view rendering. Explicitly configure spring.jpa.open-in-view to disable this warning
2023-08-28T01:39:57.609-05:00  INFO 41092 --- [    Test worker] e.e.e.b.a.service.AccountServiceTest     : Started AccountServiceTest in 10.286 seconds (process running for 13.394)
1
1
]]></system-out>
  <system-err><![CDATA[[2023.08.28 01:39:47] (Coverage): Error during class instrumentation: org.springframework.boot.logging.log4j2.Log4J2LoggingSystem: java.lang.RuntimeException: java.io.IOException: Class org/apache/logging/log4j/core/config/composite/CompositeConfiguration not found
[2023.08.28 01:39:49] (Coverage): Error during class instrumentation: org.springframework.web.servlet.config.annotation.WebMvcConfigurationSupport: java.lang.RuntimeException: java.io.IOException: Class jakarta/validation/ValidatorFactory not found
]]></system-err>
</testsuite>
